Unity Editor version:    2021.3.19f1 (c9714fde33b6)
Branch:                  2021.3/staging
Build type:              Release
Batch mode:              YES
macOS version:           Version 13.0.1 (Build 22A400)
Darwin version:          22.1.0
Architecture:            x86_64
Running under Rosetta:   NO
Available memory:        16384 MB
Using pre-set license
Pro License: YES

COMMAND LINE ARGUMENTS:
/Users/akshay.arora/Workspace/Unity Projects/2021.3.19f1/Unity.app/Contents/MacOS/Unity
-adb2
-batchMode
-noUpm
-name
AssetImportWorker6
-projectPath
/Users/akshay.arora/Workspace/Endless Runner Workshop
-logFile
Logs/AssetImportWorker6.log
-srvPort
56738
Successfully changed project path to: /Users/akshay.arora/Workspace/Endless Runner Workshop
/Users/akshay.arora/Workspace/Endless Runner Workshop
[UnityMemory] Configuration Parameters - Can be set up in boot.config
    "memorysetup-bucket-allocator-granularity=16"
    "memorysetup-bucket-allocator-bucket-count=8"
    "memorysetup-bucket-allocator-block-size=33554432"
    "memorysetup-bucket-allocator-block-count=8"
    "memorysetup-main-allocator-block-size=16777216"
    "memorysetup-thread-allocator-block-size=16777216"
    "memorysetup-gfx-main-allocator-block-size=16777216"
    "memorysetup-gfx-thread-allocator-block-size=16777216"
    "memorysetup-cache-allocator-block-size=4194304"
    "memorysetup-typetree-allocator-block-size=2097152"
    "memorysetup-profiler-bucket-allocator-granularity=16"
    "memorysetup-profiler-bucket-allocator-bucket-count=8"
    "memorysetup-profiler-bucket-allocator-block-size=33554432"
    "memorysetup-profiler-bucket-allocator-block-count=8"
    "memorysetup-profiler-allocator-block-size=16777216"
    "memorysetup-profiler-editor-allocator-block-size=1048576"
    "memorysetup-temp-allocator-size-main=16777216"
    "memorysetup-job-temp-allocator-block-size=2097152"
    "memorysetup-job-temp-allocator-block-size-background=1048576"
    "memorysetup-job-temp-allocator-reduction-small-platforms=262144"
    "memorysetup-temp-allocator-size-background-worker=32768"
    "memorysetup-temp-allocator-size-job-worker=262144"
    "memorysetup-temp-allocator-size-preload-manager=33554432"
    "memorysetup-temp-allocator-size-nav-mesh-worker=65536"
    "memorysetup-temp-allocator-size-audio-worker=65536"
    "memorysetup-temp-allocator-size-cloud-worker=32768"
    "memorysetup-temp-allocator-size-gi-baking-worker=262144"
    "memorysetup-temp-allocator-size-gfx=262144"
Player connection [140704594322624] Host "[IP] 192.168.1.9 [Port] 0 [Flags] 2 [Guid] 1753586005 [EditorId] 1753586005 [Version] 1048832 [Id] OSXEditor(0,Akshay-Aroras-MacBook-Pro.local) [Debug] 1 [PackageName] OSXEditor [ProjectName] Editor" joined multi-casting on [225.0.0.222:54997]...

Player connection [140704594322624] Host "[IP] 192.168.1.9 [Port] 0 [Flags] 2 [Guid] 1753586005 [EditorId] 1753586005 [Version] 1048832 [Id] OSXEditor(0,Akshay-Aroras-MacBook-Pro.local) [Debug] 1 [PackageName] OSXEditor [ProjectName] Editor" joined alternative multi-casting on [225.0.0.222:34997]...

Refreshing native plugins compatible for Editor in 98.49 ms, found 2 plugins.
Preloading 0 native plugins for Editor in 0.00 ms.
Initialize engine version: 2021.3.19f1 (c9714fde33b6)
[Subsystems] Discovering subsystems at path /Users/akshay.arora/Workspace/Unity Projects/2021.3.19f1/Unity.app/Contents/Resources/UnitySubsystems
[Subsystems] Discovering subsystems at path /Users/akshay.arora/Workspace/Endless Runner Workshop/Assets
GfxDevice: creating device client; threaded=0; jobified=0
Color LCD preferred device: AMD Radeon Pro 555X (high power)
Metal devices available: 2
0: AMD Radeon Pro 555X (high power)
1: Intel(R) UHD Graphics 630 (low power)
Using device AMD Radeon Pro 555X (high power)
Initializing Metal device caps: AMD Radeon Pro 555X
Initialize mono
Mono path[0] = '/Users/akshay.arora/Workspace/Unity Projects/2021.3.19f1/Unity.app/Contents/Managed'
Mono path[1] = '/Users/akshay.arora/Workspace/Unity Projects/2021.3.19f1/Unity.app/Contents/MonoBleedingEdge/lib/mono/unityjit-macos'
Mono config path = '/Users/akshay.arora/Workspace/Unity Projects/2021.3.19f1/Unity.app/Contents/MonoBleedingEdge/etc'
Using monoOptions --debugger-agent=transport=dt_socket,embedding=1,server=y,suspend=n,address=127.0.0.1:56071
Begin MonoManager ReloadAssembly
Registering precompiled unity dll's ...
Register platform support module: /Users/akshay.arora/Workspace/Unity Projects/2021.3.19f1/Unity.app/Contents/PlaybackEngines/MacStandaloneSupport/UnityEditor.OSXStandalone.Extensions.dll
Register platform support module: /Users/akshay.arora/Workspace/Unity Projects/2021.3.19f1/PlaybackEngines/AndroidPlayer/UnityEditor.Android.Extensions.dll
Registered in 0.003217 seconds.
Native extension for Android target not found
Android Extension - Scanning For ADB Devices 263 ms
Native extension for OSXStandalone target not found
Refreshing native plugins compatible for Editor in 88.48 ms, found 2 plugins.
Preloading 0 native plugins for Editor in 0.00 ms.
Mono: successfully reloaded assembly
- Completed reload, in  1.235 seconds
Domain Reload Profiling:
	ReloadAssembly (1235ms)
		BeginReloadAssembly (161ms)
			ExecutionOrderSort (0ms)
			DisableScriptedObjects (0ms)
			BackupInstance (0ms)
			ReleaseScriptingObjects (0ms)
			CreateAndSetChildDomain (1ms)
		EndReloadAssembly (930ms)
			LoadAssemblies (163ms)
			RebuildTransferFunctionScriptingTraits (0ms)
			SetupTypeCache (160ms)
			ReleaseScriptCaches (0ms)
			RebuildScriptCaches (38ms)
			SetupLoadedEditorAssemblies (668ms)
				LogAssemblyErrors (0ms)
				InitializePlatformSupportModulesInManaged (410ms)
				SetLoadedEditorAssemblies (0ms)
				RefreshPlugins (89ms)
				BeforeProcessingInitializeOnLoad (2ms)
				ProcessInitializeOnLoadAttributes (114ms)
				ProcessInitializeOnLoadMethodAttributes (53ms)
				AfterProcessingInitializeOnLoad (0ms)
				EditorAssembliesLoaded (0ms)
			ExecutionOrderSort2 (0ms)
			AwakeInstancesAfterBackupRestoration (0ms)
Platform modules already initialized, skipping
Registering precompiled user dll's ...
Registered in 0.012866 seconds.
Begin MonoManager ReloadAssembly
Symbol file LoadedFromMemory doesn't match image /Users/akshay.arora/Workspace/Endless Runner Workshop/Library/PackageCache/com.unity.visualscripting@1.8.0/Editor/VisualScripting.Core/Dependencies/YamlDotNet/Unity.VisualScripting.YamlDotNet.dll
Symbol file LoadedFromMemory doesn't match image /Users/akshay.arora/Workspace/Endless Runner Workshop/Library/PackageCache/com.unity.visualscripting@1.8.0/Editor/VisualScripting.Core/Dependencies/DotNetZip/Unity.VisualScripting.IonicZip.dll
Native extension for Android target not found
Native extension for OSXStandalone target not found
Refreshing native plugins compatible for Editor in 0.52 ms, found 2 plugins.
Preloading 0 native plugins for Editor in 0.00 ms.
Mono: successfully reloaded assembly
- Completed reload, in  1.412 seconds
Domain Reload Profiling:
	ReloadAssembly (1413ms)
		BeginReloadAssembly (122ms)
			ExecutionOrderSort (0ms)
			DisableScriptedObjects (7ms)
			BackupInstance (0ms)
			ReleaseScriptingObjects (0ms)
			CreateAndSetChildDomain (31ms)
		EndReloadAssembly (1148ms)
			LoadAssemblies (126ms)
			RebuildTransferFunctionScriptingTraits (0ms)
			SetupTypeCache (375ms)
			ReleaseScriptCaches (1ms)
			RebuildScriptCaches (70ms)
			SetupLoadedEditorAssemblies (432ms)
				LogAssemblyErrors (0ms)
				InitializePlatformSupportModulesInManaged (24ms)
				SetLoadedEditorAssemblies (1ms)
				RefreshPlugins (1ms)
				BeforeProcessingInitializeOnLoad (86ms)
				ProcessInitializeOnLoadAttributes (290ms)
				ProcessInitializeOnLoadMethodAttributes (28ms)
				AfterProcessingInitializeOnLoad (3ms)
				EditorAssembliesLoaded (0ms)
			ExecutionOrderSort2 (0ms)
			AwakeInstancesAfterBackupRestoration (5ms)
Platform modules already initialized, skipping
========================================================================
Worker process is ready to serve import requests
Launching external process: /Users/akshay.arora/Workspace/Unity Projects/2021.3.19f1/Unity.app/Contents/Tools/UnityShaderCompiler
Launched and connected shader compiler UnityShaderCompiler after 0.33 seconds
Refreshing native plugins compatible for Editor in 0.56 ms, found 2 plugins.
Preloading 0 native plugins for Editor in 0.00 ms.
Unloading 3072 Unused Serialized files (Serialized files now loaded: 0)
Unloading 24 unused Assets / (85.0 KB). Loaded Objects now: 3535.
Memory consumption went from 105.7 MB to 105.6 MB.
Total: 3.522087 ms (FindLiveObjects: 0.254152 ms CreateObjectMapping: 0.184683 ms MarkObjects: 2.944856 ms  DeleteObjects: 0.137495 ms)

AssetImportParameters requested are different than current active one (requested -> active):
  custom:video-decoder-ogg-theora: a1e56fd34408186e4bbccfd4996cb3dc -> 
  custom:container-muxer-webm: aa71ff27fc2769a1b78a27578f13a17b -> 
  custom:container-demuxer-webm: 4f35f7cbe854078d1ac9338744f61a02 -> 
  custom:video-encoder-webm-vp8: eb34c28f22e8b96e1ab97ce403110664 -> 
  custom:framework-osx-AVFoundation: e770b220cccbd017edd2c1fefb359320 -> 
  custom:audio-encoder-webm-vorbis: bf7c407c2cedff20999df2af8eb42d56 -> 
  custom:container-demuxer-ogg: 62fdf1f143b41e24485cea50d1cbac27 -> 
  custom:video-decoder-webm-vp8: 9c59270c3fd7afecdb556c50c9e8de78 -> 
  custom:audio-decoder-ogg-vorbis: bf7c407c2cedff20999df2af8eb42d56 -> 
========================================================================
Received Import Request.
  Time since last request: 34549.243938 seconds.
  path: Assets/Game GUI Vol1/LazyDay/PNG/Star.png
  artifactKey: Guid(48ef7593f17504acea11af90fd3e4d92) Importer(815301076,1909f56bfc062723c751e8b465ee728b)
Start importing Assets/Game GUI Vol1/LazyDay/PNG/Star.png using Guid(48ef7593f17504acea11af90fd3e4d92) Importer(815301076,1909f56bfc062723c751e8b465ee728b)  -> (artifact id: 'c4b9138a186555cefd26ad89f2309349') in 0.361895 seconds 
========================================================================
Received Prepare
Registering precompiled user dll's ...
Registered in 0.003121 seconds.
Begin MonoManager ReloadAssembly
Symbol file LoadedFromMemory doesn't match image /Users/akshay.arora/Workspace/Endless Runner Workshop/Library/PackageCache/com.unity.visualscripting@1.8.0/Editor/VisualScripting.Core/Dependencies/YamlDotNet/Unity.VisualScripting.YamlDotNet.dll
Symbol file LoadedFromMemory doesn't match image /Users/akshay.arora/Workspace/Endless Runner Workshop/Library/PackageCache/com.unity.visualscripting@1.8.0/Editor/VisualScripting.Core/Dependencies/DotNetZip/Unity.VisualScripting.IonicZip.dll
Native extension for Android target not found
Native extension for OSXStandalone target not found
Refreshing native plugins compatible for Editor in 0.52 ms, found 2 plugins.
Preloading 0 native plugins for Editor in 0.00 ms.
Mono: successfully reloaded assembly
- Completed reload, in  1.475 seconds
Domain Reload Profiling:
	ReloadAssembly (1476ms)
		BeginReloadAssembly (211ms)
			ExecutionOrderSort (0ms)
			DisableScriptedObjects (6ms)
			BackupInstance (0ms)
			ReleaseScriptingObjects (0ms)
			CreateAndSetChildDomain (86ms)
		EndReloadAssembly (1129ms)
			LoadAssemblies (112ms)
			RebuildTransferFunctionScriptingTraits (0ms)
			SetupTypeCache (410ms)
			ReleaseScriptCaches (1ms)
			RebuildScriptCaches (67ms)
			SetupLoadedEditorAssemblies (388ms)
				LogAssemblyErrors (0ms)
				InitializePlatformSupportModulesInManaged (24ms)
				SetLoadedEditorAssemblies (1ms)
				RefreshPlugins (1ms)
				BeforeProcessingInitializeOnLoad (70ms)
				ProcessInitializeOnLoadAttributes (263ms)
				ProcessInitializeOnLoadMethodAttributes (27ms)
				AfterProcessingInitializeOnLoad (3ms)
				EditorAssembliesLoaded (0ms)
			ExecutionOrderSort2 (0ms)
			AwakeInstancesAfterBackupRestoration (5ms)
Platform modules already initialized, skipping
Refreshing native plugins compatible for Editor in 1.23 ms, found 2 plugins.
Preloading 0 native plugins for Editor in 0.00 ms.
Unloading 3054 Unused Serialized files (Serialized files now loaded: 0)
Unloading 17 unused Assets / (64.8 KB). Loaded Objects now: 3545.
Memory consumption went from 110.5 MB to 110.4 MB.
Total: 3.459572 ms (FindLiveObjects: 0.245633 ms CreateObjectMapping: 0.169983 ms MarkObjects: 2.964346 ms  DeleteObjects: 0.078830 ms)

AssetImportParameters requested are different than current active one (requested -> active):
  custom:video-decoder-ogg-theora: a1e56fd34408186e4bbccfd4996cb3dc -> 
  custom:container-muxer-webm: aa71ff27fc2769a1b78a27578f13a17b -> 
  custom:container-demuxer-webm: 4f35f7cbe854078d1ac9338744f61a02 -> 
  custom:video-encoder-webm-vp8: eb34c28f22e8b96e1ab97ce403110664 -> 
  custom:framework-osx-AVFoundation: e770b220cccbd017edd2c1fefb359320 -> 
  custom:audio-encoder-webm-vorbis: bf7c407c2cedff20999df2af8eb42d56 -> 
  custom:container-demuxer-ogg: 62fdf1f143b41e24485cea50d1cbac27 -> 
  custom:video-decoder-webm-vp8: 9c59270c3fd7afecdb556c50c9e8de78 -> 
  custom:audio-decoder-ogg-vorbis: bf7c407c2cedff20999df2af8eb42d56 -> 
========================================================================
Received Import Request.
  Time since last request: 656.480934 seconds.
  path: Assets/Game GUI Vol1/WoodenBlocks/PNG/Cancel.png
  artifactKey: Guid(a1189c50db75e4f4e9e3df411acfd7cd) Importer(815301076,1909f56bfc062723c751e8b465ee728b)
Start importing Assets/Game GUI Vol1/WoodenBlocks/PNG/Cancel.png using Guid(a1189c50db75e4f4e9e3df411acfd7cd) Importer(815301076,1909f56bfc062723c751e8b465ee728b)  -> (artifact id: '5a43f8587b7ed1823917038bfcb1a965') in 0.117126 seconds 
========================================================================
Received Import Request.
  Time since last request: 0.000147 seconds.
  path: Assets/Game GUI Vol1/WoodenBlocks/PNG/Forward.png
  artifactKey: Guid(b4d4b6ba6b700437281965634850cd98) Importer(815301076,1909f56bfc062723c751e8b465ee728b)
Start importing Assets/Game GUI Vol1/WoodenBlocks/PNG/Forward.png using Guid(b4d4b6ba6b700437281965634850cd98) Importer(815301076,1909f56bfc062723c751e8b465ee728b)  -> (artifact id: '969b8504d3e011c5867f47d47706d969') in 0.040610 seconds 
========================================================================
Received Import Request.
  Time since last request: 0.000102 seconds.
  path: Assets/Game GUI Vol1/WoodenBlocks/PNG/Settings.png
  artifactKey: Guid(2404a35a318704f1583a4173e501e002) Importer(815301076,1909f56bfc062723c751e8b465ee728b)
Start importing Assets/Game GUI Vol1/WoodenBlocks/PNG/Settings.png using Guid(2404a35a318704f1583a4173e501e002) Importer(815301076,1909f56bfc062723c751e8b465ee728b)  -> (artifact id: '8b72b8da8c4bed0c9dcf55084bce9044') in 0.019650 seconds 
========================================================================
Received Import Request.
  Time since last request: 0.000105 seconds.
  path: Assets/Game GUI Vol1/WoodenBlocks/PNG/Minus.png
  artifactKey: Guid(f13dc8a456a284e7b8a7489bb427798d) Importer(815301076,1909f56bfc062723c751e8b465ee728b)
Start importing Assets/Game GUI Vol1/WoodenBlocks/PNG/Minus.png using Guid(f13dc8a456a284e7b8a7489bb427798d) Importer(815301076,1909f56bfc062723c751e8b465ee728b)  -> (artifact id: 'fa63ac6c63a4a59159ffa899e94b81be') in 0.015067 seconds 
========================================================================
Received Import Request.
  Time since last request: 0.000097 seconds.
  path: Assets/Game GUI Vol1/WoodenBlocks/PNG/LeftArrow2.png
  artifactKey: Guid(0808619d4e2144e2aa965a8768addde2) Importer(815301076,1909f56bfc062723c751e8b465ee728b)
Start importing Assets/Game GUI Vol1/WoodenBlocks/PNG/LeftArrow2.png using Guid(0808619d4e2144e2aa965a8768addde2) Importer(815301076,1909f56bfc062723c751e8b465ee728b)  -> (artifact id: 'f61e70608ddef28c0fbe7f2052585ad6') in 0.017323 seconds 
========================================================================
Received Import Request.
  Time since last request: 0.000080 seconds.
  path: Assets/Game GUI Vol1/WoodenBlocks/PNG/DownArrow.png
  artifactKey: Guid(d5b8393f09eb6470e905ec740629c4a9) Importer(815301076,1909f56bfc062723c751e8b465ee728b)
Start importing Assets/Game GUI Vol1/WoodenBlocks/PNG/DownArrow.png using Guid(d5b8393f09eb6470e905ec740629c4a9) Importer(815301076,1909f56bfc062723c751e8b465ee728b)  -> (artifact id: '44a5092a6ea69b04799ea2b943c8c049') in 0.018210 seconds 
========================================================================
Received Import Request.
  Time since last request: 0.000099 seconds.
  path: Assets/Game GUI Vol1/WoodenBlocks/PNG/RightArrow2.png
  artifactKey: Guid(306b16567939347c78cf9ab470a783ca) Importer(815301076,1909f56bfc062723c751e8b465ee728b)
Start importing Assets/Game GUI Vol1/WoodenBlocks/PNG/RightArrow2.png using Guid(306b16567939347c78cf9ab470a783ca) Importer(815301076,1909f56bfc062723c751e8b465ee728b)  -> (artifact id: 'dc853d16ac45bd1d4d6f1cb5b4919595') in 0.029962 seconds 
========================================================================
Received Import Request.
  Time since last request: 0.000080 seconds.
  path: Assets/Game GUI Vol1/WoodenBlocks/PNG/Dollar.png
  artifactKey: Guid(cc52ac453e019400984c19bb920c9217) Importer(815301076,1909f56bfc062723c751e8b465ee728b)
Start importing Assets/Game GUI Vol1/WoodenBlocks/PNG/Dollar.png using Guid(cc52ac453e019400984c19bb920c9217) Importer(815301076,1909f56bfc062723c751e8b465ee728b)  -> (artifact id: '5bc2c7ec0e081627205834ae3f0d519d') in 0.020072 seconds 
========================================================================
Received Import Request.
  Time since last request: 0.000115 seconds.
  path: Assets/Game GUI Vol1/WoodenBlocks/PNG/Restart.png
  artifactKey: Guid(59e899b457bb24211ba8899f1a5d1d8b) Importer(815301076,1909f56bfc062723c751e8b465ee728b)
Start importing Assets/Game GUI Vol1/WoodenBlocks/PNG/Restart.png using Guid(59e899b457bb24211ba8899f1a5d1d8b) Importer(815301076,1909f56bfc062723c751e8b465ee728b)  -> (artifact id: 'a4faef866faa7488934b380299a8cf76') in 0.020799 seconds 
========================================================================
Received Import Request.
  Time since last request: 0.000095 seconds.
  path: Assets/Game GUI Vol1/WoodenBlocks/PNG/Facebook.png
  artifactKey: Guid(777d63edabbf0469d8c7f88249361a06) Importer(815301076,1909f56bfc062723c751e8b465ee728b)
Start importing Assets/Game GUI Vol1/WoodenBlocks/PNG/Facebook.png using Guid(777d63edabbf0469d8c7f88249361a06) Importer(815301076,1909f56bfc062723c751e8b465ee728b)  -> (artifact id: '579687d2eafc3edf274adec697429d79') in 0.020449 seconds 
========================================================================
Received Import Request.
  Time since last request: 0.000077 seconds.
  path: Assets/Game GUI Vol1/WoodenBlocks/PNG/Info.png
  artifactKey: Guid(e2f97d3975aca4a5f975ded803cdc06b) Importer(815301076,1909f56bfc062723c751e8b465ee728b)
Start importing Assets/Game GUI Vol1/WoodenBlocks/PNG/Info.png using Guid(e2f97d3975aca4a5f975ded803cdc06b) Importer(815301076,1909f56bfc062723c751e8b465ee728b)  -> (artifact id: '4a638a377d046b3a6e0186e6d624d020') in 0.018275 seconds 
========================================================================
Received Import Request.
  Time since last request: 0.000087 seconds.
  path: Assets/Game GUI Vol1/WoodenBlocks/PNG/Pause.png
  artifactKey: Guid(f06723030ef874765a5e4ed1908b0a3e) Importer(815301076,1909f56bfc062723c751e8b465ee728b)
Start importing Assets/Game GUI Vol1/WoodenBlocks/PNG/Pause.png using Guid(f06723030ef874765a5e4ed1908b0a3e) Importer(815301076,1909f56bfc062723c751e8b465ee728b)  -> (artifact id: '802951122b8ecbdb7c152dd20e0ef564') in 0.017184 seconds 
========================================================================
Received Import Request.
  Time since last request: 12.013147 seconds.
  path: Assets/Game GUI Vol1/WoodenBlocks/PNG/Star.png
  artifactKey: Guid(e1e3e64dac28149d1bf7e15801897c70) Importer(815301076,1909f56bfc062723c751e8b465ee728b)
Start importing Assets/Game GUI Vol1/WoodenBlocks/PNG/Star.png using Guid(e1e3e64dac28149d1bf7e15801897c70) Importer(815301076,1909f56bfc062723c751e8b465ee728b)  -> (artifact id: 'c8c5fb714f08017e7f21b718c865f28d') in 0.039994 seconds 
========================================================================
Received Import Request.
  Time since last request: 0.000121 seconds.
  path: Assets/Game GUI Vol1/WoodenBlocks/PNG/Yes.png
  artifactKey: Guid(9a448cbb837364621a5bbd09082913a6) Importer(815301076,1909f56bfc062723c751e8b465ee728b)
Start importing Assets/Game GUI Vol1/WoodenBlocks/PNG/Yes.png using Guid(9a448cbb837364621a5bbd09082913a6) Importer(815301076,1909f56bfc062723c751e8b465ee728b)  -> (artifact id: '4a2726cbc409629a279b6d7cabe4a34b') in 0.016605 seconds 
Editor requested this worker to shutdown with reason: Scaling down because of idle timeout
AssetImportWorker is now disconnected from the server
Process exiting
